src/lib/content/__tests__/modular-content.test.ts(41,7): error TS7018: Object literal's property 'dependencies' implicitly has an 'any[]' type.
test/examples/api.content.api.test.ts(109,17): error TS2540: Cannot assign to 'NODE_ENV' because it is a read-only property.
test/examples/api.content.api.test.ts(120,17): error TS2540: Cannot assign to 'NODE_ENV' because it is a read-only property.
test/examples/contentLoader.server.test.ts(22,24): error TS2339: Property 'clearCache' does not exist on type 'ContentSmartLoaderClass'.
test/examples/contentLoader.server.test.ts(44,55): error TS2345: Argument of type '"prod"' is not assignable to parameter of type '"app"'.
test/examples/contentLoader.server.test.ts(46,19): error TS2339: Property 'success' does not exist on type 'SmartLoadResult<{ pages?: { home?: { sections?: { features?: { items?: { description?: string; title?: string; icon?: string; text?: string; }[]; title?: string; }; quickLinks?: { description?: string; title?: string; link?: string; linkText?: string; }[]; }; hero?: { ...; }; }; ... 7 more ...; offline?: Record<...>...'.
test/examples/contentLoader.server.test.ts(48,24): error TS2339: Property 'nav' does not exist on type '{ pages?: { home?: { sections?: { features?: { items?: { description?: string; title?: string; icon?: string; text?: string; }[]; title?: string; }; quickLinks?: { description?: string; title?: string; link?: string; linkText?: string; }[]; }; hero?: { ...; }; }; ... 7 more ...; offline?: Record<...>; }; ... 4 more ...'.
test/examples/contentLoader.server.test.ts(70,55): error TS2345: Argument of type '"dev"' is not assignable to parameter of type '"app"'.
test/examples/contentLoader.server.test.ts(72,19): error TS2339: Property 'success' does not exist on type 'SmartLoadResult<{ pages?: { home?: { sections?: { features?: { items?: { description?: string; title?: string; icon?: string; text?: string; }[]; title?: string; }; quickLinks?: { description?: string; title?: string; link?: string; linkText?: string; }[]; }; hero?: { ...; }; }; ... 7 more ...; offline?: Record<...>...'.
test/examples/contentLoader.server.test.ts(73,24): error TS2339: Property 'nav' does not exist on type '{ pages?: { home?: { sections?: { features?: { items?: { description?: string; title?: string; icon?: string; text?: string; }[]; title?: string; }; quickLinks?: { description?: string; title?: string; link?: string; linkText?: string; }[]; }; hero?: { ...; }; }; ... 7 more ...; offline?: Record<...>; }; ... 4 more ...'.
test/examples/contentLoader.server.test.ts(87,55): error TS2345: Argument of type '"test"' is not assignable to parameter of type '"app"'.
test/examples/contentLoader.server.test.ts(89,19): error TS2339: Property 'success' does not exist on type 'SmartLoadResult<{ pages?: { home?: { sections?: { features?: { items?: { description?: string; title?: string; icon?: string; text?: string; }[]; title?: string; }; quickLinks?: { description?: string; title?: string; link?: string; linkText?: string; }[]; }; hero?: { ...; }; }; ... 7 more ...; offline?: Record<...>...'.
test/examples/contentLoader.server.test.ts(90,19): error TS2339: Property 'error' does not exist on type 'SmartLoadResult<{ pages?: { home?: { sections?: { features?: { items?: { description?: string; title?: string; icon?: string; text?: string; }[]; title?: string; }; quickLinks?: { description?: string; title?: string; link?: string; linkText?: string; }[]; }; hero?: { ...; }; }; ... 7 more ...; offline?: Record<...>...'.
test/examples/contentLoader.server.test.ts(91,19): error TS2339: Property 'error' does not exist on type 'SmartLoadResult<{ pages?: { home?: { sections?: { features?: { items?: { description?: string; title?: string; icon?: string; text?: string; }[]; title?: string; }; quickLinks?: { description?: string; title?: string; link?: string; linkText?: string; }[]; }; hero?: { ...; }; }; ... 7 more ...; offline?: Record<...>...'.
test/examples/contentLoader.server.test.ts(108,56): error TS2345: Argument of type '"prod"' is not assignable to parameter of type '"app"'.
test/examples/contentLoader.server.test.ts(109,25): error TS2339: Property 'nav' does not exist on type '{ pages?: { home?: { sections?: { features?: { items?: { description?: string; title?: string; icon?: string; text?: string; }[]; title?: string; }; quickLinks?: { description?: string; title?: string; link?: string; linkText?: string; }[]; }; hero?: { ...; }; }; ... 7 more ...; offline?: Record<...>; }; ... 4 more ...'.
test/examples/contentLoader.server.test.ts(112,56): error TS2345: Argument of type '"prod"' is not assignable to parameter of type '"app"'.
test/examples/contentLoader.server.test.ts(113,25): error TS2339: Property 'nav' does not exist on type '{ pages?: { home?: { sections?: { features?: { items?: { description?: string; title?: string; icon?: string; text?: string; }[]; title?: string; }; quickLinks?: { description?: string; title?: string; link?: string; linkText?: string; }[]; }; hero?: { ...; }; }; ... 7 more ...; offline?: Record<...>; }; ... 4 more ...'.
test/examples/contentLoader.server.test.ts(130,57): error TS2345: Argument of type '"dev" | "staging" | "prod"' is not assignable to parameter of type '"app"'.
  Type '"dev"' is not assignable to type '"app"'.
test/examples/contentLoader.server.test.ts(131,21): error TS2339: Property 'success' does not exist on type 'SmartLoadResult<{ pages?: { home?: { sections?: { features?: { items?: { description?: string; title?: string; icon?: string; text?: string; }[]; title?: string; }; quickLinks?: { description?: string; title?: string; link?: string; linkText?: string; }[]; }; hero?: { ...; }; }; ... 7 more ...; offline?: Record<...>...'.
test/examples/contentLoader.server.test.ts(132,26): error TS2339: Property 'nav' does not exist on type '{ pages?: { home?: { sections?: { features?: { items?: { description?: string; title?: string; icon?: string; text?: string; }[]; title?: string; }; quickLinks?: { description?: string; title?: string; link?: string; linkText?: string; }[]; }; hero?: { ...; }; }; ... 7 more ...; offline?: Record<...>; }; ... 4 more ...'.
test/examples/contentLoader.server.test.ts(135,26): error TS2339: Property 'clearCache' does not exist on type 'ContentSmartLoaderClass'.
test/examples/contentLoader.server.test.ts(140,55): error TS2345: Argument of type '"test"' is not assignable to parameter of type '"app"'.
tests/accessibility/content-accessibility.test.tsx(34,17): error TS7018: Object literal's property 'links' implicitly has an 'any[]' type.
tests/accessibility/content-accessibility.test.tsx(35,17): error TS7018: Object literal's property 'sections' implicitly has an 'any[]' type.
tests/accessibility/content-accessibility.test.tsx(100,7): error TS7018: Object literal's property 'items' implicitly has an 'any[]' type.
tests/accessibility/content-accessibility.test.tsx(165,36): error TS2345: Argument of type '{ data: { global: { site: { name: string; title: string; description: string; keywords: string[]; branding: { tagline: string; slogan: string; }; }; navigation: { header: { links: any[]; }; footer: { sections: any[]; copyright: string; }; breadcrumbs: { ...; }; }; ui: { ...; }; accessibility: { ...; }; }; ... 4 more...' is not assignable to parameter of type '{ data: { pages?: { home?: { sections?: { features?: { items?: { description?: string; title?: string; icon?: string; text?: string; }[]; title?: string; }; quickLinks?: { description?: string; title?: string; link?: string; linkText?: string; }[]; }; hero?: { ...; }; }; ... 7 more ...; offline?: Record<...>; }; ......'.
  Property 'lastUpdated' is missing in type '{ data: { global: { site: { name: string; title: string; description: string; keywords: string[]; branding: { tagline: string; slogan: string; }; }; navigation: { header: { links: any[]; }; footer: { sections: any[]; copyright: string; }; breadcrumbs: { ...; }; }; ui: { ...; }; accessibility: { ...; }; }; ... 4 more...' but required in type '{ data: { pages?: { home?: { sections?: { features?: { items?: { description?: string; title?: string; icon?: string; text?: string; }[]; title?: string; }; quickLinks?: { description?: string; title?: string; link?: string; linkText?: string; }[]; }; hero?: { ...; }; }; ... 7 more ...; offline?: Record<...>; }; ......'.
tests/accessibility/content-accessibility.test.tsx(340,38): error TS2345: Argument of type '{ data: null; error: Error; loading: false; refetch: jest.Mock<any, any, any>; }' is not assignable to parameter of type '{ data: { pages?: { home?: { sections?: { features?: { items?: { description?: string; title?: string; icon?: string; text?: string; }[]; title?: string; }; quickLinks?: { description?: string; title?: string; link?: string; linkText?: string; }[]; }; hero?: { ...; }; }; ... 7 more ...; offline?: Record<...>; }; ......'.
  Property 'lastUpdated' is missing in type '{ data: null; error: Error; loading: false; refetch: jest.Mock<any, any, any>; }' but required in type '{ data: { pages?: { home?: { sections?: { features?: { items?: { description?: string; title?: string; icon?: string; text?: string; }[]; title?: string; }; quickLinks?: { description?: string; title?: string; link?: string; linkText?: string; }[]; }; hero?: { ...; }; }; ... 7 more ...; offline?: Record<...>; }; ......'.
tests/accessibility/content-accessibility.test.tsx(369,38): error TS2345: Argument of type '{ data: { pages: { notFound: { buttons: { support: string; }; }; home: { hero: { title: string; }; }; about: { hero: { title: string; }; }; contact: { hero: { title: string; }; }; events: { hero: { title: string; }; }; menu: { ...; }; signin: {}; dashboard: {}; offline: {}; }; ... 4 more ...; legal: { ...; }; }; err...' is not assignable to parameter of type '{ data: { pages?: { home?: { sections?: { features?: { items?: { description?: string; title?: string; icon?: string; text?: string; }[]; title?: string; }; quickLinks?: { description?: string; title?: string; link?: string; linkText?: string; }[]; }; hero?: { ...; }; }; ... 7 more ...; offline?: Record<...>; }; ......'.
  Property 'lastUpdated' is missing in type '{ data: { pages: { notFound: { buttons: { support: string; }; }; home: { hero: { title: string; }; }; about: { hero: { title: string; }; }; contact: { hero: { title: string; }; }; events: { hero: { title: string; }; }; menu: { ...; }; signin: {}; dashboard: {}; offline: {}; }; ... 4 more ...; legal: { ...; }; }; err...' but required in type '{ data: { pages?: { home?: { sections?: { features?: { items?: { description?: string; title?: string; icon?: string; text?: string; }[]; title?: string; }; quickLinks?: { description?: string; title?: string; link?: string; linkText?: string; }[]; }; hero?: { ...; }; }; ... 7 more ...; offline?: Record<...>; }; ......'.
tests/accessibility/content-accessibility.test.tsx(403,38): error TS2345: Argument of type '{ data: null; error: null; loading: true; refetch: jest.Mock<any, any, any>; }' is not assignable to parameter of type '{ data: { pages?: { home?: { sections?: { features?: { items?: { description?: string; title?: string; icon?: string; text?: string; }[]; title?: string; }; quickLinks?: { description?: string; title?: string; link?: string; linkText?: string; }[]; }; hero?: { ...; }; }; ... 7 more ...; offline?: Record<...>; }; ......'.
  Property 'lastUpdated' is missing in type '{ data: null; error: null; loading: true; refetch: jest.Mock<any, any, any>; }' but required in type '{ data: { pages?: { home?: { sections?: { features?: { items?: { description?: string; title?: string; icon?: string; text?: string; }[]; title?: string; }; quickLinks?: { description?: string; title?: string; link?: string; linkText?: string; }[]; }; hero?: { ...; }; }; ... 7 more ...; offline?: Record<...>; }; ......'.
tests/api/EnhancedApiRoutes.test.ts(34,11): error TS7018: Object literal's property 'tags' implicitly has an 'any[]' type.
tests/api/EnhancedApiRoutes.test.ts(76,5): error TS7018: Object literal's property 'baseUrl' implicitly has an 'any' type.
tests/api/EnhancedApiRoutes.test.ts(77,5): error TS7018: Object literal's property 'menuEndpoint' implicitly has an 'any' type.
tests/api/EnhancedApiRoutes.test.ts(78,5): error TS7018: Object literal's property 'marketingEndpoint' implicitly has an 'any' type.
tests/api/EnhancedApiRoutes.test.ts(79,5): error TS7018: Object literal's property 'restaurantEndpoint' implicitly has an 'any' type.
tests/api/EnhancedApiRoutes.test.ts(80,5): error TS7018: Object literal's property 'contentEndpoint' implicitly has an 'any' type.
tests/api/EnhancedApiRoutes.test.ts(107,7): error TS7018: Object literal's property 'sections' implicitly has an 'any[]' type.
tests/api/routes.test.ts(6,39): error TS2345: Argument of type '"dev"' is not assignable to parameter of type '"app"'.
tests/api/routes.test.ts(10,40): error TS2345: Argument of type '"dev"' is not assignable to parameter of type '"app"'.
tests/api/routes.test.ts(14,34): error TS2345: Argument of type '"dev"' is not assignable to parameter of type '"app"'.
tests/api/routes.test.ts(20,37): error TS2345: Argument of type '"dev"' is not assignable to parameter of type '"app"'.
tests/api/routes.test.ts(25,43): error TS2345: Argument of type '"dev"' is not assignable to parameter of type '"app"'.
tests/api/routes.test.ts(56,43): error TS2345: Argument of type '"dev"' is not assignable to parameter of type '"app"'.
tests/api/routes.test.ts(68,43): error TS2345: Argument of type '"dev"' is not assignable to parameter of type '"app"'.
tests/api/routes.test.ts(75,43): error TS2345: Argument of type '"dev"' is not assignable to parameter of type '"app"'.
tests/compatibility/BackwardCompatibility.test.ts(34,11): error TS7018: Object literal's property 'tags' implicitly has an 'any[]' type.
tests/compatibility/BackwardCompatibility.test.ts(225,40): error TS2345: Argument of type '"dev" | "staging" | "prod" | "app"' is not assignable to parameter of type '"app"'.
  Type '"dev"' is not assignable to type '"app"'.
tests/components/restaurant/sections/CallToActionSection.test.tsx(81,86): error TS2339: Property 'toBeInTheDocument' does not exist on type 'Matchers<void, HTMLElement> & SnapshotMatchers<void, HTMLElement> & Inverse<JestMatchers<void, HTMLElement>> & PromiseMatchers<...>'.
tests/components/restaurant/sections/CallToActionSection.test.tsx(82,67): error TS2339: Property 'toBeInTheDocument' does not exist on type 'Matchers<void, HTMLElement> & SnapshotMatchers<void, HTMLElement> & Inverse<JestMatchers<void, HTMLElement>> & PromiseMatchers<...>'.
tests/components/restaurant/sections/CallToActionSection.test.tsx(88,61): error TS2339: Property 'toBeInTheDocument' does not exist on type 'Matchers<void, HTMLElement> & SnapshotMatchers<void, HTMLElement> & Inverse<JestMatchers<void, HTMLElement>> & PromiseMatchers<...>'.
tests/components/restaurant/sections/CallToActionSection.test.tsx(89,62): error TS2339: Property 'toBeInTheDocument' does not exist on type 'Matchers<void, HTMLElement> & SnapshotMatchers<void, HTMLElement> & Inverse<JestMatchers<void, HTMLElement>> & PromiseMatchers<...>'.
tests/components/restaurant/sections/CallToActionSection.test.tsx(90,81): error TS2339: Property 'toBeInTheDocument' does not exist on type 'Matchers<void, HTMLElement> & SnapshotMatchers<void, HTMLElement> & Inverse<JestMatchers<void, HTMLElement>> & PromiseMatchers<...>'.
tests/components/restaurant/sections/CallToActionSection.test.tsx(100,22): error TS2339: Property 'toHaveAttribute' does not exist on type 'Matchers<void, HTMLElement> & SnapshotMatchers<void, HTMLElement> & Inverse<JestMatchers<void, HTMLElement>> & PromiseMatchers<...>'.
tests/components/restaurant/sections/CallToActionSection.test.tsx(101,24): error TS2339: Property 'toHaveAttribute' does not exist on type 'Matchers<void, HTMLElement> & SnapshotMatchers<void, HTMLElement> & Inverse<JestMatchers<void, HTMLElement>> & PromiseMatchers<...>'.
tests/components/restaurant/sections/CallToActionSection.test.tsx(102,25): error TS2339: Property 'toHaveAttribute' does not exist on type 'Matchers<void, HTMLElement> & SnapshotMatchers<void, HTMLElement> & Inverse<JestMatchers<void, HTMLElement>> & PromiseMatchers<...>'.
tests/components/restaurant/sections/CallToActionSection.test.tsx(109,25): error TS2339: Property 'toHaveAttribute' does not exist on type 'Matchers<void, HTMLElement> & SnapshotMatchers<void, HTMLElement> & Inverse<JestMatchers<void, HTMLElement>> & PromiseMatchers<...>'.
tests/components/restaurant/sections/CallToActionSection.test.tsx(110,25): error TS2339: Property 'toHaveAttribute' does not exist on type 'Matchers<void, HTMLElement> & SnapshotMatchers<void, HTMLElement> & Inverse<JestMatchers<void, HTMLElement>> & PromiseMatchers<...>'.
tests/components/restaurant/sections/CallToActionSection.test.tsx(121,22): error TS2339: Property 'toHaveClass' does not exist on type 'Matchers<void, HTMLElement> & SnapshotMatchers<void, HTMLElement> & Inverse<JestMatchers<void, HTMLElement>> & PromiseMatchers<...>'.
tests/components/restaurant/sections/CallToActionSection.test.tsx(124,24): error TS2339: Property 'toHaveClass' does not exist on type 'Matchers<void, HTMLElement> & SnapshotMatchers<void, HTMLElement> & Inverse<JestMatchers<void, HTMLElement>> & PromiseMatchers<...>'.
tests/components/restaurant/sections/CallToActionSection.test.tsx(127,25): error TS2339: Property 'toHaveClass' does not exist on type 'Matchers<void, HTMLElement> & SnapshotMatchers<void, HTMLElement> & Inverse<JestMatchers<void, HTMLElement>> & PromiseMatchers<...>'.
tests/components/restaurant/sections/CallToActionSection.test.tsx(134,25): error TS2339: Property 'toHaveTextContent' does not exist on type 'Matchers<void, HTMLElement> & SnapshotMatchers<void, HTMLElement> & Inverse<JestMatchers<void, HTMLElement>> & PromiseMatchers<...>'.
tests/components/restaurant/sections/CallToActionSection.test.tsx(152,26): error TS2339: Property 'toHaveAttribute' does not exist on type 'Matchers<void, HTMLElement> & SnapshotMatchers<void, HTMLElement> & Inverse<JestMatchers<void, HTMLElement>> & PromiseMatchers<...>'.
tests/components/restaurant/sections/CallToActionSection.test.tsx(153,26): error TS2339: Property 'toHaveAttribute' does not exist on type 'Matchers<void, HTMLElement> & SnapshotMatchers<void, HTMLElement> & Inverse<JestMatchers<void, HTMLElement>> & PromiseMatchers<...>'.
tests/components/restaurant/sections/CallToActionSection.test.tsx(162,22): error TS2339: Property 'toHaveAttribute' does not exist on type 'Matchers<void, HTMLElement> & SnapshotMatchers<void, HTMLElement> & Inverse<JestMatchers<void, HTMLElement>> & PromiseMatchers<...>'.
tests/components/restaurant/sections/CallToActionSection.test.tsx(163,25): error TS2339: Property 'toHaveAttribute' does not exist on type 'Matchers<void, HTMLElement> & SnapshotMatchers<void, HTMLElement> & Inverse<JestMatchers<void, HTMLElement>> & PromiseMatchers<...>'.
tests/components/restaurant/sections/CallToActionSection.test.tsx(172,21): error TS2339: Property 'toBeInTheDocument' does not exist on type 'Matchers<void, HTMLElement> & SnapshotMatchers<void, HTMLElement> & Inverse<JestMatchers<void, HTMLElement>> & PromiseMatchers<...>'.
tests/components/restaurant/sections/CallToActionSection.test.tsx(173,21): error TS2339: Property 'toHaveClass' does not exist on type 'Matchers<void, HTMLElement> & SnapshotMatchers<void, HTMLElement> & Inverse<JestMatchers<void, HTMLElement>> & PromiseMatchers<...>'.
tests/components/restaurant/sections/CallToActionSection.test.tsx(174,21): error TS2339: Property 'toHaveClass' does not exist on type 'Matchers<void, HTMLHeadingElement> & SnapshotMatchers<void, HTMLHeadingElement> & Inverse<JestMatchers<void, HTMLHeadingElement>> & PromiseMatchers<...>'.
tests/components/restaurant/sections/CallToActionSection.test.tsx(182,22): error TS2339: Property 'toHaveClass' does not exist on type 'Matchers<void, HTMLElement> & SnapshotMatchers<void, HTMLElement> & Inverse<JestMatchers<void, HTMLElement>> & PromiseMatchers<...>'.
tests/components/restaurant/sections/CallToActionSection.test.tsx(214,21): error TS2339: Property 'toHaveClass' does not exist on type 'Matchers<void, HTMLElement> & SnapshotMatchers<void, HTMLElement> & Inverse<JestMatchers<void, HTMLElement>> & PromiseMatchers<...>'.
tests/components/restaurant/sections/CallToActionSection.test.tsx(221,29): error TS2339: Property 'toHaveClass' does not exist on type 'Matchers<void, Element> & SnapshotMatchers<void, Element> & Inverse<JestMatchers<void, Element>> & PromiseMatchers<...>'.
tests/components/restaurant/sections/QuickLinksSection.test.tsx(53,52): error TS2339: Property 'toBeInTheDocument' does not exist on type 'Matchers<void, HTMLElement> & SnapshotMatchers<void, HTMLElement> & Inverse<JestMatchers<void, HTMLElement>> & PromiseMatchers<...>'.
tests/components/restaurant/sections/QuickLinksSection.test.tsx(54,50): error TS2339: Property 'toBeInTheDocument' does not exist on type 'Matchers<void, HTMLElement> & SnapshotMatchers<void, HTMLElement> & Inverse<JestMatchers<void, HTMLElement>> & PromiseMatchers<...>'.
tests/components/restaurant/sections/QuickLinksSection.test.tsx(55,42): error TS2339: Property 'toBeInTheDocument' does not exist on type 'Matchers<void, HTMLElement> & SnapshotMatchers<void, HTMLElement> & Inverse<JestMatchers<void, HTMLElement>> & PromiseMatchers<...>'.
tests/components/restaurant/sections/QuickLinksSection.test.tsx(58,66): error TS2339: Property 'toBeInTheDocument' does not exist on type 'Matchers<void, HTMLElement> & SnapshotMatchers<void, HTMLElement> & Inverse<JestMatchers<void, HTMLElement>> & PromiseMatchers<...>'.
tests/components/restaurant/sections/QuickLinksSection.test.tsx(59,71): error TS2339: Property 'toBeInTheDocument' does not exist on type 'Matchers<void, HTMLElement> & SnapshotMatchers<void, HTMLElement> & Inverse<JestMatchers<void, HTMLElement>> & PromiseMatchers<...>'.
tests/components/restaurant/sections/QuickLinksSection.test.tsx(60,59): error TS2339: Property 'toBeInTheDocument' does not exist on type 'Matchers<void, HTMLElement> & SnapshotMatchers<void, HTMLElement> & Inverse<JestMatchers<void, HTMLElement>> & PromiseMatchers<...>'.
tests/components/restaurant/sections/QuickLinksSection.test.tsx(63,47): error TS2339: Property 'toBeInTheDocument' does not exist on type 'Matchers<void, HTMLElement> & SnapshotMatchers<void, HTMLElement> & Inverse<JestMatchers<void, HTMLElement>> & PromiseMatchers<...>'.
tests/components/restaurant/sections/QuickLinksSection.test.tsx(64,52): error TS2339: Property 'toBeInTheDocument' does not exist on type 'Matchers<void, HTMLElement> & SnapshotMatchers<void, HTMLElement> & Inverse<JestMatchers<void, HTMLElement>> & PromiseMatchers<...>'.
tests/components/restaurant/sections/QuickLinksSection.test.tsx(65,45): error TS2339: Property 'toBeInTheDocument' does not exist on type 'Matchers<void, HTMLElement> & SnapshotMatchers<void, HTMLElement> & Inverse<JestMatchers<void, HTMLElement>> & PromiseMatchers<...>'.
tests/components/restaurant/sections/QuickLinksSection.test.tsx(75,24): error TS2339: Property 'toHaveAttribute' does not exist on type 'Matchers<void, HTMLElement> & SnapshotMatchers<void, HTMLElement> & Inverse<JestMatchers<void, HTMLElement>> & PromiseMatchers<...>'.
tests/components/restaurant/sections/QuickLinksSection.test.tsx(76,23): error TS2339: Property 'toHaveAttribute' does not exist on type 'Matchers<void, HTMLElement> & SnapshotMatchers<void, HTMLElement> & Inverse<JestMatchers<void, HTMLElement>> & PromiseMatchers<...>'.
tests/components/restaurant/sections/QuickLinksSection.test.tsx(77,22): error TS2339: Property 'toHaveAttribute' does not exist on type 'Matchers<void, HTMLElement> & SnapshotMatchers<void, HTMLElement> & Inverse<JestMatchers<void, HTMLElement>> & PromiseMatchers<...>'.
tests/components/restaurant/sections/QuickLinksSection.test.tsx(84,27): error TS2339: Property 'toHaveClass' does not exist on type 'Matchers<void, Element> & SnapshotMatchers<void, Element> & Inverse<JestMatchers<void, Element>> & PromiseMatchers<...>'.
tests/components/restaurant/sections/QuickLinksSection.test.tsx(91,24): error TS2339: Property 'toHaveAttribute' does not exist on type 'Matchers<void, HTMLElement> & SnapshotMatchers<void, HTMLElement> & Inverse<JestMatchers<void, HTMLElement>> & PromiseMatchers<...>'.
tests/components/restaurant/sections/QuickLinksSection.test.tsx(98,21): error TS2339: Property 'toBeInTheDocument' does not exist on type 'Matchers<void, HTMLElement> & SnapshotMatchers<void, HTMLElement> & Inverse<JestMatchers<void, HTMLElement>> & PromiseMatchers<...>'.
tests/components/restaurant/sections/QuickLinksSection.test.tsx(99,21): error TS2339: Property 'toHaveClass' does not exist on type 'Matchers<void, HTMLElement> & SnapshotMatchers<void, HTMLElement> & Inverse<JestMatchers<void, HTMLElement>> & PromiseMatchers<...>'.
tests/components/restaurant/sections/QuickLinksSection.test.tsx(118,21): error TS2339: Property 'toHaveClass' does not exist on type 'Matchers<void, HTMLElement> & SnapshotMatchers<void, HTMLElement> & Inverse<JestMatchers<void, HTMLElement>> & PromiseMatchers<...>'.
tests/components/restaurant/sections/QuickLinksSection.test.tsx(126,20): error TS2339: Property 'toHaveClass' does not exist on type 'Matchers<void, Element> & SnapshotMatchers<void, Element> & Inverse<JestMatchers<void, Element>> & PromiseMatchers<...>'.
tests/components/restaurant/sections/QuickLinksSection.test.tsx(137,23): error TS2339: Property 'toHaveClass' does not exist on type 'Matchers<void, HTMLElement> & SnapshotMatchers<void, HTMLElement> & Inverse<JestMatchers<void, HTMLElement>> & PromiseMatchers<...>'.
tests/data/configSelectors.test.ts(5,50): error TS2345: Argument of type '"dev"' is not assignable to parameter of type '"app"'.
tests/data/configSelectors.test.ts(10,36): error TS2345: Argument of type '"dev"' is not assignable to parameter of type '"app"'.
tests/data/configSelectors.test.ts(15,39): error TS2345: Argument of type '"dev"' is not assignable to parameter of type '"app"'.
tests/data/loader.test.ts(2,111): error TS2305: Module '"@/src/lib/data/server-loader"' has no exported member 'fetchContentFromApi'.
tests/data/loader.test.ts(41,42): error TS2345: Argument of type '"dev"' is not assignable to parameter of type '"app"'.
tests/data/loader.test.ts(50,42): error TS2345: Argument of type '"dev"' is not assignable to parameter of type '"app"'.
tests/data/loader.test.ts(58,43): error TS2345: Argument of type '"dev"' is not assignable to parameter of type '"app"'.
tests/data/loader.test.ts(65,42): error TS2345: Argument of type '"dev"' is not assignable to parameter of type '"app"'.
tests/data/loader.test.ts(73,42): error TS2345: Argument of type '"dev"' is not assignable to parameter of type '"app"'.
tests/data/loader.test.ts(82,42): error TS2345: Argument of type '"dev"' is not assignable to parameter of type '"app"'.
tests/data/loader.test.ts(89,42): error TS2345: Argument of type '"dev"' is not assignable to parameter of type '"app"'.
tests/data/loader.test.ts(98,42): error TS2345: Argument of type '"dev"' is not assignable to parameter of type '"app"'.
tests/data/loader.test.ts(107,42): error TS2345: Argument of type '"dev"' is not assignable to parameter of type '"app"'.
tests/data/loader.test.ts(116,42): error TS2345: Argument of type '"dev"' is not assignable to parameter of type '"app"'.
tests/data/loader.test.ts(129,42): error TS2345: Argument of type '"dev"' is not assignable to parameter of type '"app"'.
tests/data/loader.test.ts(137,42): error TS2345: Argument of type '"dev"' is not assignable to parameter of type '"app"'.
tests/e2e/content-display.test.tsx(25,17): error TS7018: Object literal's property 'links' implicitly has an 'any[]' type.
tests/e2e/content-display.test.tsx(26,17): error TS7018: Object literal's property 'sections' implicitly has an 'any[]' type.
tests/e2e/content-display.test.tsx(56,7): error TS7018: Object literal's property 'items' implicitly has an 'any[]' type.
tests/e2e/content-display.test.tsx(117,38): error TS2345: Argument of type '{ data: { global: { site: { name: string; title: string; description: string; keywords: string[]; branding: { tagline: string; slogan: string; }; }; navigation: { header: { links: any[]; }; footer: { sections: any[]; copyright: string; }; breadcrumbs: { ...; }; }; ui: { ...; }; accessibility: { ...; }; }; ... 4 more...' is not assignable to parameter of type '{ data: { pages?: { home?: { sections?: { features?: { items?: { description?: string; title?: string; icon?: string; text?: string; }[]; title?: string; }; quickLinks?: { description?: string; title?: string; link?: string; linkText?: string; }[]; }; hero?: { ...; }; }; ... 7 more ...; offline?: Record<...>; }; ......'.
  Property 'lastUpdated' is missing in type '{ data: { global: { site: { name: string; title: string; description: string; keywords: string[]; branding: { tagline: string; slogan: string; }; }; navigation: { header: { links: any[]; }; footer: { sections: any[]; copyright: string; }; breadcrumbs: { ...; }; }; ui: { ...; }; accessibility: { ...; }; }; ... 4 more...' but required in type '{ data: { pages?: { home?: { sections?: { features?: { items?: { description?: string; title?: string; icon?: string; text?: string; }[]; title?: string; }; quickLinks?: { description?: string; title?: string; link?: string; linkText?: string; }[]; }; hero?: { ...; }; }; ... 7 more ...; offline?: Record<...>; }; ......'.
tests/e2e/content-display.test.tsx(138,38): error TS2345: Argument of type '{ data: { global: { site: { name: string; title: string; description: string; keywords: string[]; branding: { tagline: string; slogan: string; }; }; navigation: { header: { links: any[]; }; footer: { sections: any[]; copyright: string; }; breadcrumbs: { ...; }; }; ui: { ...; }; accessibility: { ...; }; }; ... 4 more...' is not assignable to parameter of type '{ data: { pages?: { home?: { sections?: { features?: { items?: { description?: string; title?: string; icon?: string; text?: string; }[]; title?: string; }; quickLinks?: { description?: string; title?: string; link?: string; linkText?: string; }[]; }; hero?: { ...; }; }; ... 7 more ...; offline?: Record<...>; }; ......'.
  Property 'lastUpdated' is missing in type '{ data: { global: { site: { name: string; title: string; description: string; keywords: string[]; branding: { tagline: string; slogan: string; }; }; navigation: { header: { links: any[]; }; footer: { sections: any[]; copyright: string; }; breadcrumbs: { ...; }; }; ui: { ...; }; accessibility: { ...; }; }; ... 4 more...' but required in type '{ data: { pages?: { home?: { sections?: { features?: { items?: { description?: string; title?: string; icon?: string; text?: string; }[]; title?: string; }; quickLinks?: { description?: string; title?: string; link?: string; linkText?: string; }[]; }; hero?: { ...; }; }; ... 7 more ...; offline?: Record<...>; }; ......'.
tests/e2e/content-display.test.tsx(159,38): error TS2345: Argument of type '{ data: null; error: Error; loading: false; refetch: jest.Mock<any, any, any>; }' is not assignable to parameter of type '{ data: { pages?: { home?: { sections?: { features?: { items?: { description?: string; title?: string; icon?: string; text?: string; }[]; title?: string; }; quickLinks?: { description?: string; title?: string; link?: string; linkText?: string; }[]; }; hero?: { ...; }; }; ... 7 more ...; offline?: Record<...>; }; ......'.
  Property 'lastUpdated' is missing in type '{ data: null; error: Error; loading: false; refetch: jest.Mock<any, any, any>; }' but required in type '{ data: { pages?: { home?: { sections?: { features?: { items?: { description?: string; title?: string; icon?: string; text?: string; }[]; title?: string; }; quickLinks?: { description?: string; title?: string; link?: string; linkText?: string; }[]; }; hero?: { ...; }; }; ... 7 more ...; offline?: Record<...>; }; ......'.
tests/e2e/content-display.test.tsx(178,38): error TS2345: Argument of type '{ data: null; error: null; loading: true; refetch: jest.Mock<any, any, any>; }' is not assignable to parameter of type '{ data: { pages?: { home?: { sections?: { features?: { items?: { description?: string; title?: string; icon?: string; text?: string; }[]; title?: string; }; quickLinks?: { description?: string; title?: string; link?: string; linkText?: string; }[]; }; hero?: { ...; }; }; ... 7 more ...; offline?: Record<...>; }; ......'.
  Property 'lastUpdated' is missing in type '{ data: null; error: null; loading: true; refetch: jest.Mock<any, any, any>; }' but required in type '{ data: { pages?: { home?: { sections?: { features?: { items?: { description?: string; title?: string; icon?: string; text?: string; }[]; title?: string; }; quickLinks?: { description?: string; title?: string; link?: string; linkText?: string; }[]; }; hero?: { ...; }; }; ... 7 more ...; offline?: Record<...>; }; ......'.
tests/e2e/content-display.test.tsx(202,13): error TS7018: Object literal's property 'subtitle' implicitly has an 'any' type.
tests/e2e/content-display.test.tsx(203,13): error TS7018: Object literal's property 'items' implicitly has an 'any[]' type.
tests/e2e/content-display.test.tsx(208,38): error TS2345: Argument of type '{ data: { components: { faq: { title: string; subtitle: any; items: any[]; }; testimonials: { title: string; subtitle: string; items: any[]; }; menuHighlights: {}; }; global: { site: { name: string; title: string; description: string; keywords: string[]; branding: { ...; }; }; navigation: { ...; }; ui: { ...; }; acc...' is not assignable to parameter of type '{ data: { pages?: { home?: { sections?: { features?: { items?: { description?: string; title?: string; icon?: string; text?: string; }[]; title?: string; }; quickLinks?: { description?: string; title?: string; link?: string; linkText?: string; }[]; }; hero?: { ...; }; }; ... 7 more ...; offline?: Record<...>; }; ......'.
  Property 'lastUpdated' is missing in type '{ data: { components: { faq: { title: string; subtitle: any; items: any[]; }; testimonials: { title: string; subtitle: string; items: any[]; }; menuHighlights: {}; }; global: { site: { name: string; title: string; description: string; keywords: string[]; branding: { ...; }; }; navigation: { ...; }; ui: { ...; }; acc...' but required in type '{ data: { pages?: { home?: { sections?: { features?: { items?: { description?: string; title?: string; icon?: string; text?: string; }[]; title?: string; }; quickLinks?: { description?: string; title?: string; link?: string; linkText?: string; }[]; }; hero?: { ...; }; }; ... 7 more ...; offline?: Record<...>; }; ......'.
tests/e2e/content-display.test.tsx(229,38): error TS2345: Argument of type '{ data: { global: { site: { name: string; title: string; description: string; keywords: string[]; branding: { tagline: string; slogan: string; }; }; navigation: { header: { links: any[]; }; footer: { sections: any[]; copyright: string; }; breadcrumbs: { ...; }; }; ui: { ...; }; accessibility: { ...; }; }; ... 4 more...' is not assignable to parameter of type '{ data: { pages?: { home?: { sections?: { features?: { items?: { description?: string; title?: string; icon?: string; text?: string; }[]; title?: string; }; quickLinks?: { description?: string; title?: string; link?: string; linkText?: string; }[]; }; hero?: { ...; }; }; ... 7 more ...; offline?: Record<...>; }; ......'.
  Property 'lastUpdated' is missing in type '{ data: { global: { site: { name: string; title: string; description: string; keywords: string[]; branding: { tagline: string; slogan: string; }; }; navigation: { header: { links: any[]; }; footer: { sections: any[]; copyright: string; }; breadcrumbs: { ...; }; }; ui: { ...; }; accessibility: { ...; }; }; ... 4 more...' but required in type '{ data: { pages?: { home?: { sections?: { features?: { items?: { description?: string; title?: string; icon?: string; text?: string; }[]; title?: string; }; quickLinks?: { description?: string; title?: string; link?: string; linkText?: string; }[]; }; hero?: { ...; }; }; ... 7 more ...; offline?: Record<...>; }; ......'.
tests/e2e/content-display.test.tsx(271,38): error TS2345: Argument of type '{ data: null; error: Error; loading: false; refetch: jest.Mock<any, any, any>; }' is not assignable to parameter of type '{ data: { pages?: { home?: { sections?: { features?: { items?: { description?: string; title?: string; icon?: string; text?: string; }[]; title?: string; }; quickLinks?: { description?: string; title?: string; link?: string; linkText?: string; }[]; }; hero?: { ...; }; }; ... 7 more ...; offline?: Record<...>; }; ......'.
  Property 'lastUpdated' is missing in type '{ data: null; error: Error; loading: false; refetch: jest.Mock<any, any, any>; }' but required in type '{ data: { pages?: { home?: { sections?: { features?: { items?: { description?: string; title?: string; icon?: string; text?: string; }[]; title?: string; }; quickLinks?: { description?: string; title?: string; link?: string; linkText?: string; }[]; }; hero?: { ...; }; }; ... 7 more ...; offline?: Record<...>; }; ......'.
tests/e2e/content-display.test.tsx(297,13): error TS7018: Object literal's property 'items' implicitly has an 'any' type.
tests/e2e/content-display.test.tsx(302,38): error TS2345: Argument of type '{ data: any; error: null; loading: false; refetch: jest.Mock<any, any, any>; }' is not assignable to parameter of type '{ data: { pages?: { home?: { sections?: { features?: { items?: { description?: string; title?: string; icon?: string; text?: string; }[]; title?: string; }; quickLinks?: { description?: string; title?: string; link?: string; linkText?: string; }[]; }; hero?: { ...; }; }; ... 7 more ...; offline?: Record<...>; }; ......'.
  Property 'lastUpdated' is missing in type '{ data: any; error: null; loading: false; refetch: jest.Mock<any, any, any>; }' but required in type '{ data: { pages?: { home?: { sections?: { features?: { items?: { description?: string; title?: string; icon?: string; text?: string; }[]; title?: string; }; quickLinks?: { description?: string; title?: string; link?: string; linkText?: string; }[]; }; hero?: { ...; }; }; ... 7 more ...; offline?: Record<...>; }; ......'.
tests/e2e/content-display.test.tsx(329,38): error TS2345: Argument of type '{ data: { global: { site: { name: string; title: string; description: string; keywords: string[]; branding: { tagline: string; slogan: string; }; }; navigation: { header: { links: any[]; }; footer: { sections: any[]; copyright: string; }; breadcrumbs: { ...; }; }; ui: { ...; }; accessibility: { ...; }; }; ... 4 more...' is not assignable to parameter of type '{ data: { pages?: { home?: { sections?: { features?: { items?: { description?: string; title?: string; icon?: string; text?: string; }[]; title?: string; }; quickLinks?: { description?: string; title?: string; link?: string; linkText?: string; }[]; }; hero?: { ...; }; }; ... 7 more ...; offline?: Record<...>; }; ......'.
  Property 'lastUpdated' is missing in type '{ data: { global: { site: { name: string; title: string; description: string; keywords: string[]; branding: { tagline: string; slogan: string; }; }; navigation: { header: { links: any[]; }; footer: { sections: any[]; copyright: string; }; breadcrumbs: { ...; }; }; ui: { ...; }; accessibility: { ...; }; }; ... 4 more...' but required in type '{ data: { pages?: { home?: { sections?: { features?: { items?: { description?: string; title?: string; icon?: string; text?: string; }[]; title?: string; }; quickLinks?: { description?: string; title?: string; link?: string; linkText?: string; }[]; }; hero?: { ...; }; }; ... 7 more ...; offline?: Record<...>; }; ......'.
tests/e2e/content-display.test.tsx(356,38): error TS2345: Argument of type '{ data: { components: { faq: { title: string; subtitle: string; items: { question: string; answer: string; }[]; }; testimonials: { title: string; subtitle: string; items: any[]; }; menuHighlights: {}; }; global: { ...; }; pages: { ...; }; forms: { ...; }; api: { ...; }; legal: { ...; }; }; error: null; loading: fals...' is not assignable to parameter of type '{ data: { pages?: { home?: { sections?: { features?: { items?: { description?: string; title?: string; icon?: string; text?: string; }[]; title?: string; }; quickLinks?: { description?: string; title?: string; link?: string; linkText?: string; }[]; }; hero?: { ...; }; }; ... 7 more ...; offline?: Record<...>; }; ......'.
  Property 'lastUpdated' is missing in type '{ data: { components: { faq: { title: string; subtitle: string; items: { question: string; answer: string; }[]; }; testimonials: { title: string; subtitle: string; items: any[]; }; menuHighlights: {}; }; global: { ...; }; pages: { ...; }; forms: { ...; }; api: { ...; }; legal: { ...; }; }; error: null; loading: fals...' but required in type '{ data: { pages?: { home?: { sections?: { features?: { items?: { description?: string; title?: string; icon?: string; text?: string; }[]; title?: string; }; quickLinks?: { description?: string; title?: string; link?: string; linkText?: string; }[]; }; hero?: { ...; }; }; ... 7 more ...; offline?: Record<...>; }; ......'.
tests/validation/menu-validation.test.ts(53,42): error TS2345: Argument of type '"dev"' is not assignable to parameter of type '"app"'.
